mode: atomic
AdventOfCode/2025/challengethree/puzzlethree.go:16.27,18.2 1 0
AdventOfCode/2025/challengethree/puzzlethree.go:20.35,23.25 3 4
AdventOfCode/2025/challengethree/puzzlethree.go:23.25,25.17 2 60
AdventOfCode/2025/challengethree/puzzlethree.go:25.17,26.14 1 0
AdventOfCode/2025/challengethree/puzzlethree.go:28.3,28.23 1 60
AdventOfCode/2025/challengethree/puzzlethree.go:30.2,30.12 1 4
AdventOfCode/2025/challengethree/puzzlethree.go:33.43,37.2 3 1
AdventOfCode/2025/challengethree/puzzlethree.go:39.37,41.36 2 1
AdventOfCode/2025/challengethree/puzzlethree.go:41.36,45.24 4 4
AdventOfCode/2025/challengethree/puzzlethree.go:45.24,46.11 1 56
AdventOfCode/2025/challengethree/puzzlethree.go:48.28,50.16 2 6
AdventOfCode/2025/challengethree/puzzlethree.go:52.29,53.24 1 9
AdventOfCode/2025/challengethree/puzzlethree.go:55.4,55.7 1 56
AdventOfCode/2025/challengethree/puzzlethree.go:57.3,59.11 3 4
AdventOfCode/2025/challengethree/puzzlethree.go:61.2,61.12 1 1
